<?xml version="1.0" encoding="UTF-8"?>
<!-- Generated by org.testng.reporters.JUnitReportReporter -->
<testsuite hostname="LAPTOP-3JATDN3D" failures="0" tests="2" name="page_Objects.NewTest" time="34.106" errors="0" timestamp="20 Mar 2019 10:35:15 GMT" skipped="0">
  <testcase classname="page_Objects.NewTest" name="Invalid" time="17.169"/>
  <testcase classname="page_Objects.NewTest" name="Valid" time="16.937"/>
</testsuite> <!-- page_Objects.NewTest -->
