<?xml version="1.0" encoding="UTF-8"?>
<!-- Generated by org.testng.reporters.JUnitReportReporter -->
<testsuite hostname="LAPTOP-3JATDN3D" failures="0" tests="2" name="framework_jUnit.GoogleTest" time="29.532" errors="0" timestamp="26 Mar 2019 09:07:34 GMT" skipped="0">
  <testcase classname="framework_jUnit.GoogleTest" name="TitleTest" time="15.251"/>
  <testcase classname="framework_jUnit.GoogleTest" name="googleLogoTest" time="14.281"/>
</testsuite> <!-- framework_jUnit.GoogleTest -->
