<?xml version="1.0" encoding="UTF-8"?>
<!-- Generated by org.testng.reporters.JUnitReportReporter -->
<testsuite hostname="LAPTOP-3JATDN3D" failures="0" tests="2" name="testNG_frameWork.Before_class_And_AfterClass" time="66.052" errors="0" timestamp="05 Apr 2019 14:07:21 GMT" skipped="0">
  <testcase classname="testNG_frameWork.Before_class_And_AfterClass" name="TC3" time="57.581"/>
  <testcase classname="testNG_frameWork.Before_class_And_AfterClass" name="TC2" time="8.471"/>
</testsuite> <!-- testNG_frameWork.Before_class_And_AfterClass -->
