<?xml version="1.0" encoding="UTF-8"?>
<!-- Generated by org.testng.reporters.JUnitReportReporter -->
<testsuite hostname="LAPTOP-3JATDN3D" failures="0" tests="1" name="practice1.Practice_day_1" time="12.863" errors="0" timestamp="04 Apr 2019 13:07:18 GMT" skipped="0">
  <testcase classname="practice1.Practice_day_1" name="TC001" time="12.863"/>
</testsuite> <!-- practice1.Practice_day_1 -->
