<?xml version="1.0" encoding="UTF-8"?>
<!-- Generated by org.testng.reporters.JUnitReportReporter -->
<testsuite hostname="LAPTOP-3JATDN3D" failures="0" tests="1" name="launch_browser.NewTest" time="38.669" errors="0" timestamp="21 Feb 2019 09:38:08 GMT" skipped="0">
  <testcase classname="launch_browser.NewTest" name="f" time="38.669"/>
</testsuite> <!-- launch_browser.NewTest -->
