<?xml version="1.0" encoding="UTF-8"?>
<!-- Generated by org.testng.reporters.JUnitReportReporter -->
<testsuite hostname="LAPTOP-3JATDN3D" failures="0" tests="1" name="method_parameter.Run_Repository" time="54.570" errors="0" timestamp="04 Apr 2019 12:53:19 GMT" skipped="0">
  <testcase classname="method_parameter.Run_Repository" name="Enter_Test_data" time="54.570"/>
</testsuite> <!-- method_parameter.Run_Repository -->
