<?xml version="1.0" encoding="UTF-8"?>
<!-- Generated by org.testng.reporters.JUnitReportReporter -->
<testsuite hostname="LAPTOP-3JATDN3D" failures="0" tests="1" name="launch_browser.DropDown" time="75.736" errors="0" timestamp="21 Feb 2019 15:04:43 GMT" skipped="0">
  <testcase classname="launch_browser.DropDown" name="ddvalue" time="75.736"/>
</testsuite> <!-- launch_browser.DropDown -->
