<?xml version="1.0" encoding="UTF-8"?>
<!-- Generated by org.testng.reporters.JUnitReportReporter -->
<testsuite hostname="LAPTOP-3JATDN3D" failures="0" tests="1" name="SampleTest.TestNG" time="41.920" errors="0" timestamp="04 Apr 2019 14:13:24 GMT" skipped="0">
  <testcase classname="SampleTest.TestNG" name="tc001" time="41.920"/>
</testsuite> <!-- SampleTest.TestNG -->
