<?xml version="1.0" encoding="UTF-8"?>
<!-- Generated by org.testng.reporters.JUnitReportReporter -->
<testsuite hostname="LAPTOP-3JATDN3D" failures="0" tests="1" name="datadriven_framework.Read_Testcase_From_MultipleRows" time="293.929" errors="0" timestamp="26 Mar 2019 16:00:34 GMT" skipped="0">
  <testcase classname="datadriven_framework.Read_Testcase_From_MultipleRows" name="Tc001_ReadData_From_DynamicRows" time="293.929"/>
</testsuite> <!-- datadriven_framework.Read_Testcase_From_MultipleRows -->
