<?xml version="1.0" encoding="UTF-8"?>
<!-- Generated by org.testng.reporters.JUnitReportReporter -->
<testsuite hostname="LAPTOP-3JATDN3D" failures="0" tests="1" name="datadriven_framework.Read_MultipleRow_Using_Conditions" time="6.542" errors="0" timestamp="29 Mar 2019 08:58:07 GMT" skipped="0">
  <testcase classname="datadriven_framework.Read_MultipleRow_Using_Conditions" name="Test1" time="6.542"/>
</testsuite> <!-- datadriven_framework.Read_MultipleRow_Using_Conditions -->
