<?xml version="1.0" encoding="UTF-8"?>
<!-- Generated by org.testng.reporters.JUnitReportReporter -->
<testsuite hostname="LAPTOP-3JATDN3D" failures="0" tests="1" name="practice1.Sample" time="0.030" errors="0" timestamp="04 Apr 2019 12:56:24 GMT" skipped="0">
  <testcase classname="practice1.Sample" name="TC001" time="0.030"/>
</testsuite> <!-- practice1.Sample -->
