<?xml version="1.0" encoding="UTF-8"?>
<!-- Generated by org.testng.reporters.JUnitReportReporter -->
<testsuite hostname="LAPTOP-3JATDN3D" failures="0" tests="1" name="datadriven_framework.Read_data_from_Excel" time="1.770" errors="0" timestamp="21 Mar 2019 09:25:56 GMT" skipped="0">
  <testcase classname="datadriven_framework.Read_data_from_Excel" name="Access_Data_From_Targetted_Cell" time="1.770"/>
</testsuite> <!-- datadriven_framework.Read_data_from_Excel -->
